rn-picker/build/outputs/logs/manifest-merger-debug-report.txt
-- Merging decision tree log ---
manifest
ADDED from src/main/AndroidManifest.xml:1:1-24:12
INJECTED from src/main/AndroidManifest.xml:1:1-24:12
INJECTED from src/main/AndroidManifest.xml:1:1-24:12
INJECTED from src/main/AndroidManifest.xml:1:1-24:12
INJECTED from src/main/AndroidManifest.xml:1:1-24:12
	package
		ADDED from src/main/AndroidManifest.xml:2:5-50
		INJECTED from src/main/AndroidManifest.xml
		INJECTED from src/main/AndroidManifest.xml
	android:versionCode
		INJECTED from src/main/AndroidManifest.xml
		ADDED from src/main/AndroidManifest.xml:1:1-24:12
		INJECTED from src/main/AndroidManifest.xml
	xmlns:android
		ADDED from src/main/AndroidManifest.xml:1:11-69
uses-permission#android.permission.WRITE_EXTERNAL_STORAGE
ADDED from src/main/AndroidManifest.xml:4:5-81
	android:name
		ADDED from src/main/AndroidManifest.xml:4:22-78
application
ADDED from src/main/AndroidManifest.xml:6:5-22:19
provider#android.support.v4.content.FileProvider
ADDED from src/main/AndroidManifest.xml:8:9-16:20
	android:grantUriPermissions
		ADDED from src/main/AndroidManifest.xml:12:13-47
	android:authorities
		ADDED from src/main/AndroidManifest.xml:10:13-60
	android:exported
		ADDED from src/main/AndroidManifest.xml:11:13-37
	android:name
		ADDED from src/main/AndroidManifest.xml:9:13-67
meta-data#android.support.FILE_PROVIDER_PATHS
ADDED from src/main/AndroidManifest.xml:13:13-15:58
	android:resource
		ADDED from src/main/AndroidManifest.xml:15:17-55
	android:name
		ADDED from src/main/AndroidManifest.xml:14:17-67
activity#com.yalantis.ucrop.UCropActivity
ADDED from src/main/AndroidManifest.xml:18:9-21:72
	android:screenOrientation
		ADDED from src/main/AndroidManifest.xml:20:13-49
	android:theme
		ADDED from src/main/AndroidManifest.xml:21:13-69
	android:name
		ADDED from src/main/AndroidManifest.xml:19:13-60
uses-sdk
INJECTED from src/main/AndroidManifest.xml reason: use-sdk injection requested
INJECTED from src/main/AndroidManifest.xml
INJECTED from src/main/AndroidManifest.xml
INJECTED from src/main/AndroidManifest.xml
INJECTED from src/main/AndroidManifest.xml
	android:targetSdkVersion
		INJECTED from src/main/AndroidManifest.xml
		ADDED from src/main/AndroidManifest.xml
		INJECTED from src/main/AndroidManifest.xml
	android:minSdkVersion
		INJECTED from src/main/AndroidManifest.xml
		ADDED from src/main/AndroidManifest.xml
		INJECTED from src/main/AndroidManifest.xml